c:\users\enjolras\desktop\gametemplate\game\x64\debug\vc143.pdb
c:\users\enjolras\desktop\gametemplate\game\x64\debug\vc143.idb
c:\users\enjolras\desktop\gametemplate\game\x64\debug\game.pch
c:\users\enjolras\desktop\defencethefront\game\x64\debug\game.pch
c:\users\enjolras\desktop\defencethefront\game\x64\debug\vc143.pdb
c:\users\enjolras\desktop\defencethefront\game\x64\debug\vc143.idb
c:\users\enjolras\desktop\defencethefront\game\x64\debug\stdafx.obj
c:\users\enjolras\desktop\defencethefront\game\x64\debug\wall.obj
c:\users\enjolras\desktop\defencethefront\game\x64\debug\tree.obj
c:\users\enjolras\desktop\defencethefront\game\x64\debug\title.obj
c:\users\enjolras\desktop\defencethefront\game\x64\debug\system.obj
c:\users\enjolras\desktop\defencethefront\game\x64\debug\score.obj
c:\users\enjolras\desktop\defencethefront\game\x64\debug\player.obj
c:\users\enjolras\desktop\defencethefront\game\x64\debug\main.obj
c:\users\enjolras\desktop\defencethefront\game\x64\debug\hpui.obj
c:\users\enjolras\desktop\defencethefront\game\x64\debug\hp.obj
c:\users\enjolras\desktop\defencethefront\game\x64\debug\gunui.obj
c:\users\enjolras\desktop\defencethefront\game\x64\debug\gun.obj
c:\users\enjolras\desktop\defencethefront\game\x64\debug\game.obj
c:\users\enjolras\desktop\defencethefront\game\x64\debug\floor.obj
c:\users\enjolras\desktop\defencethefront\game\x64\debug\fade.obj
c:\users\enjolras\desktop\defencethefront\game\x64\debug\enemygenerator.obj
c:\users\enjolras\desktop\defencethefront\game\x64\debug\enemy.obj
c:\users\enjolras\desktop\defencethefront\game\x64\debug\bullet.obj
c:\users\enjolras\desktop\defencethefront\game\x64\debug\game.exe
c:\users\enjolras\desktop\defencethefront\game\x64\debug\game.ilk
c:\users\enjolras\desktop\defencethefront\game\x64\debug\game.pdb
c:\users\enjolras\desktop\defencethefront\game\x64\debug\effect.obj
c:\users\enjolras\desktop\defencethefront\game\x64\debug\hpuicontroller.obj
c:\users\enjolras\desktop\defencethefront\game\x64\debug\point.obj
c:\users\enjolras\desktop\defencethefront\game\x64\debug\bullet.obj.enc
c:\users\enjolras\desktop\defencethefront\game\x64\debug\enemy.obj.enc
c:\users\enjolras\desktop\defencethefront\game\x64\debug\game.obj.enc
c:\users\enjolras\desktop\defencethefront\game\x64\debug\game.tlog\cl.command.1.tlog
c:\users\enjolras\desktop\defencethefront\game\x64\debug\game.tlog\cl.read.1.tlog
c:\users\enjolras\desktop\defencethefront\game\x64\debug\game.tlog\cl.write.1.tlog
c:\users\enjolras\desktop\defencethefront\game\x64\debug\game.tlog\link.command.1.tlog
c:\users\enjolras\desktop\defencethefront\game\x64\debug\game.tlog\link.read.1.tlog
c:\users\enjolras\desktop\defencethefront\game\x64\debug\game.tlog\link.write.1.tlog
